no change     /users/rg/baygun/miniforge3/condabin/conda
no change     /users/rg/baygun/miniforge3/bin/conda
no change     /users/rg/baygun/miniforge3/bin/conda-env
no change     /users/rg/baygun/miniforge3/bin/activate
no change     /users/rg/baygun/miniforge3/bin/deactivate
no change     /users/rg/baygun/miniforge3/etc/profile.d/conda.sh
no change     /users/rg/baygun/miniforge3/etc/fish/conf.d/conda.fish
no change     /users/rg/baygun/miniforge3/shell/condabin/Conda.psm1
no change     /users/rg/baygun/miniforge3/shell/condabin/conda-hook.ps1
no change     /users/rg/baygun/miniforge3/lib/python3.12/site-packages/xontrib/conda.xsh
no change     /users/rg/baygun/miniforge3/etc/profile.d/conda.csh
no change     /users/rg/baygun/.bashrc
No action taken.

 N E X T F L O W   ~  version 24.10.3

Launching `main.nf` [boring_gates] DSL2 - revision: 3a8b044905

[-        ] NanoPlot -

executor >  local (4)
[4b/bd9de0] NanoPlot (4) | 0 of 4

executor >  local (4)
[4b/bd9de0] NanoPlot (4) | 0 of 4
ERROR ~ Error executing process > 'NanoPlot (2)'

Caused by:
  Process `NanoPlot (2)` terminated with an error exit status (2)


Command executed:

  NanoPlot --ubam "FAX02360_20240115_1630_e5122b92.bam" --N50 -threads 4

Command exit status:
  2

Command output:
  (empty)

Command error:
  usage: NanoPlot [-h] [-v] [-t THREADS] [--verbose] [--store] [--raw] [--huge]
                  [-o OUTDIR] [--no_static] [-p PREFIX] [--tsv_stats]
                  [--only-report] [--info_in_report] [--maxlength N]
                  [--minlength N] [--drop_outliers] [--downsample N]
                  [--loglength] [--percentqual] [--alength] [--minqual N]
                  [--runtime_until N] [--readtype {1D,2D,1D2}] [--barcoded]
                  [--no_supplementary] [-c COLOR] [-cm COLORMAP]
                  [-f [{png,jpg,jpeg,webp,svg,pdf,eps,json} ...]]
                  [--plots [{kde,hex,dot} ...]] [--legacy [{kde,dot,hex} ...]]
                  [--listcolors] [--listcolormaps] [--no-N50] [--N50]
                  [--title TITLE] [--font_scale FONT_SCALE] [--dpi DPI]
                  [--hide_stats]
                  (--fastq file [file ...] | --fasta file [file ...] | --fastq_rich file [file ...] | --fastq_minimal file [file ...] | --summary file [file ...] | --bam file [file ...] | --ubam file [file ...] | --cram file [file ...] | --pickle pickle | --feather file [file ...])
  NanoPlot: error: argument -t/--threads: invalid int value: 'hreads'

Work dir:
  /users/rg/baygun/BlaER_crg/long_read/nextflow/work/a2/d3251a1c4bcce11f25b146497cdcac

Tip: when you have fixed the problem you can continue the execution adding the option `-resume` to the run command line

 -- Check '.nextflow.log' file for details
WARN: Got an interrupted exception while taking agent result | java.lang.InterruptedException

executor >  local (4)
[a2/d3251a] NanoPlot (2) | 4 of 4, failed: 4 âœ˜
ERROR ~ Error executing process > 'NanoPlot (2)'

Caused by:
  Process `NanoPlot (2)` terminated with an error exit status (2)


Command executed:

  NanoPlot --ubam "FAX02360_20240115_1630_e5122b92.bam" --N50 -threads 4

Command exit status:
  2

Command output:
  (empty)

Command error:
  usage: NanoPlot [-h] [-v] [-t THREADS] [--verbose] [--store] [--raw] [--huge]
                  [-o OUTDIR] [--no_static] [-p PREFIX] [--tsv_stats]
                  [--only-report] [--info_in_report] [--maxlength N]
                  [--minlength N] [--drop_outliers] [--downsample N]
                  [--loglength] [--percentqual] [--alength] [--minqual N]
                  [--runtime_until N] [--readtype {1D,2D,1D2}] [--barcoded]
                  [--no_supplementary] [-c COLOR] [-cm COLORMAP]
                  [-f [{png,jpg,jpeg,webp,svg,pdf,eps,json} ...]]
                  [--plots [{kde,hex,dot} ...]] [--legacy [{kde,dot,hex} ...]]
                  [--listcolors] [--listcolormaps] [--no-N50] [--N50]
                  [--title TITLE] [--font_scale FONT_SCALE] [--dpi DPI]
                  [--hide_stats]
                  (--fastq file [file ...] | --fasta file [file ...] | --fastq_rich file [file ...] | --fastq_minimal file [file ...] | --summary file [file ...] | --bam file [file ...] | --ubam file [file ...] | --cram file [file ...] | --pickle pickle | --feather file [file ...])
  NanoPlot: error: argument -t/--threads: invalid int value: 'hreads'

Work dir:
  /users/rg/baygun/BlaER_crg/long_read/nextflow/work/a2/d3251a1c4bcce11f25b146497cdcac

Tip: when you have fixed the problem you can continue the execution adding the option `-resume` to the run command line

 -- Check '.nextflow.log' file for details

